[1/19] Building RC object src\syscmdline\CMakeFiles\syscmdline.dir\syscmdline_res.rc.res
[2/19] Building CXX object src\syscmdline\CMakeFiles\syscmdline.dir\src\sharedbase.cpp.obj
cl: 命令行 warning D9025 :正在重写“/MD”(用“/MT”)
[3/19] Building CXX object src\corecmd\CMakeFiles\qmcorecmd.dir\sha-256.cpp.obj
cl: 命令行 warning D9025 :正在重写“/MD”(用“/MT”)
[4/19] Building CXX object src\syscmdline\CMakeFiles\syscmdline.dir\src\symbol.cpp.obj
cl: 命令行 warning D9025 :正在重写“/MD”(用“/MT”)
[5/19] Building CXX object src\syscmdline\CMakeFiles\syscmdline.dir\src\utils.cpp.obj
cl: 命令行 warning D9025 :正在重写“/MD”(用“/MT”)
[6/19] Building CXX object src\syscmdline\CMakeFiles\syscmdline.dir\src\value.cpp.obj
cl: 命令行 warning D9025 :正在重写“/MD”(用“/MT”)
[7/19] Building RC object src\corecmd\CMakeFiles\qmcorecmd.dir\qmcorecmd_res.rc.res
[8/19] Building CXX object src\syscmdline\CMakeFiles\syscmdline.dir\src\option.cpp.obj
cl: 命令行 warning D9025 :正在重写“/MD”(用“/MT”)
[9/19] Building CXX object src\syscmdline\CMakeFiles\syscmdline.dir\src\helplayout.cpp.obj
cl: 命令行 warning D9025 :正在重写“/MD”(用“/MT”)
[10/19] Building CXX object src\syscmdline\CMakeFiles\syscmdline.dir\src\system.cpp.obj
cl: 命令行 warning D9025 :正在重写“/MD”(用“/MT”)
[11/19] Building CXX object src\syscmdline\CMakeFiles\syscmdline.dir\src\argument.cpp.obj
cl: 命令行 warning D9025 :正在重写“/MD”(用“/MT”)
[12/19] Building CXX object src\syscmdline\CMakeFiles\syscmdline.dir\src\parser.cpp.obj
cl: 命令行 warning D9025 :正在重写“/MD”(用“/MT”)
[13/19] Building CXX object src\syscmdline\CMakeFiles\syscmdline.dir\src\command.cpp.obj
cl: 命令行 warning D9025 :正在重写“/MD”(用“/MT”)
[14/19] Building CXX object src\syscmdline\CMakeFiles\syscmdline.dir\src\parseresult.cpp.obj
cl: 命令行 warning D9025 :正在重写“/MD”(用“/MT”)
[15/19] Linking CXX static library lib\syscmdline.lib
[16/19] Building CXX object src\corecmd\CMakeFiles\qmcorecmd.dir\utils.cpp.obj
cl: 命令行 warning D9025 :正在重写“/MD”(用“/MT”)
[17/19] Building CXX object src\corecmd\CMakeFiles\qmcorecmd.dir\utils_win.cpp.obj
cl: 命令行 warning D9025 :正在重写“/MD”(用“/MT”)
[18/19] Building CXX object src\corecmd\CMakeFiles\qmcorecmd.dir\main.cpp.obj
cl: 命令行 warning D9025 :正在重写“/MD”(用“/MT”)
[19/19] Linking CXX executable bin\qmcorecmd.exe
